This is pdfTeX, Version 3.141592653-2.6-1.40.24 (MiKTeX 21.12) (preloaded format=pdflatex 2022.2.24)  17 MAY 2022 18:18
entering extended mode
 restricted \write18 enabled.
 %&-line parsing enabled.
**./lab-6.tex
(lab-6.tex
LaTeX2e <2021-11-15> patch level 1
L3 programming layer <2021-11-22> (D:\latex\tex/latex/base\article.cls
Document Class: article 2021/10/04 v1.4n Standard LaTeX document class
(D:\latex\tex/latex/base\size11.clo
File: size11.clo 2021/10/04 v1.4n Standard LaTeX file (size option)
)
\c@part=\count183
\c@section=\count184
\c@subsection=\count185
\c@subsubsection=\count186
\c@paragraph=\count187
\c@subparagraph=\count188
\c@figure=\count189
\c@table=\count190
\abovecaptionskip=\skip47
\belowcaptionskip=\skip48
\bibindent=\dimen138
) (D:\latex\tex/latex/base\inputenc.sty
Package: inputenc 2021/02/14 v1.3d Input encoding file
\inpenc@prehook=\toks16
\inpenc@posthook=\toks17
)
(D:\latex\tex/generic/babel\babel.sty
Package: babel 2021/11/29 3.67 The Babel package
\babel@savecnt=\count191
\U@D=\dimen139
\l@unhyphenated=\language79
 (D:\latex\tex/generic/babel\txtbabel.def)
\bbl@readstream=\read2
\bbl@dirlevel=\count192
*************************************
* Local config file bblopts.cfg used
*
(D:\latex\tex/latex/arabi\bblopts.cfg
File: bblopts.cfg 2005/09/08 v0.1 add Arabic and Farsi to "declared" options of
 babel
)
(D:\latex\tex/latex/babel-english\english.ldf
Language: english 2017/06/06 v3.3r English support from the babel system
Package babel Info: Hyphen rules for 'canadian' set to \l@english
(babel)             (\language0). Reported on input line 102.
Package babel Info: Hyphen rules for 'australian' set to \l@ukenglish
(babel)             (\language73). Reported on input line 105.
Package babel Info: Hyphen rules for 'newzealand' set to \l@ukenglish
(babel)             (\language73). Reported on input line 108.
)
(D:\latex\tex/latex/babel-russian\russianb.ldf
File: russianb.ldf 2021/01/10 1.3m Russian support for the Babel system
Language: russian 2020/09/09 1.3k Russian support for the Babel system


Package babel Warning: No Cyrillic font encoding has been loaded so far.
(babel)                A font encoding should be declared before babel.
(babel)                Default `T2A' encoding will be loaded  on input line 78.


(D:\latex\tex/latex/cyrillic\t2aenc.def
File: t2aenc.def 2005/09/27 v1.0i Cyrillic encoding definition file
Now handling font encoding T2A ...
... processing UTF-8 mapping file for font encoding T2A
 (D:\latex\tex/latex/base\t2aenc.dfu
File: t2aenc.dfu 2021/06/21 v1.2n UTF-8 support
   defining Unicode char U+00A4 (decimal 164)
   defining Unicode char U+00A7 (decimal 167)
   defining Unicode char U+00AB (decimal 171)
   defining Unicode char U+00BB (decimal 187)
   defining Unicode char U+0131 (decimal 305)
   defining Unicode char U+0237 (decimal 567)
   defining Unicode char U+0400 (decimal 1024)
   defining Unicode char U+0401 (decimal 1025)
   defining Unicode char U+0402 (decimal 1026)
   defining Unicode char U+0403 (decimal 1027)
   defining Unicode char U+0404 (decimal 1028)
   defining Unicode char U+0405 (decimal 1029)
   defining Unicode char U+0406 (decimal 1030)
   defining Unicode char U+0407 (decimal 1031)
   defining Unicode char U+0408 (decimal 1032)
   defining Unicode char U+0409 (decimal 1033)
   defining Unicode char U+040A (decimal 1034)
   defining Unicode char U+040B (decimal 1035)
   defining Unicode char U+040C (decimal 1036)
   defining Unicode char U+040D (decimal 1037)
   defining Unicode char U+040E (decimal 1038)
   defining Unicode char U+040F (decimal 1039)
   defining Unicode char U+0410 (decimal 1040)
   defining Unicode char U+0411 (decimal 1041)
   defining Unicode char U+0412 (decimal 1042)
   defining Unicode char U+0413 (decimal 1043)
   defining Unicode char U+0414 (decimal 1044)
   defining Unicode char U+0415 (decimal 1045)
   defining Unicode char U+0416 (decimal 1046)
   defining Unicode char U+0417 (decimal 1047)
   defining Unicode char U+0418 (decimal 1048)
   defining Unicode char U+0419 (decimal 1049)
   defining Unicode char U+041A (decimal 1050)
   defining Unicode char U+041B (decimal 1051)
   defining Unicode char U+041C (decimal 1052)
   defining Unicode char U+041D (decimal 1053)
   defining Unicode char U+041E (decimal 1054)
   defining Unicode char U+041F (decimal 1055)
   defining Unicode char U+0420 (decimal 1056)
   defining Unicode char U+0421 (decimal 1057)
   defining Unicode char U+0422 (decimal 1058)
   defining Unicode char U+0423 (decimal 1059)
   defining Unicode char U+0424 (decimal 1060)
   defining Unicode char U+0425 (decimal 1061)
   defining Unicode char U+0426 (decimal 1062)
   defining Unicode char U+0427 (decimal 1063)
   defining Unicode char U+0428 (decimal 1064)
   defining Unicode char U+0429 (decimal 1065)
   defining Unicode char U+042A (decimal 1066)
   defining Unicode char U+042B (decimal 1067)
   defining Unicode char U+042C (decimal 1068)
   defining Unicode char U+042D (decimal 1069)
   defining Unicode char U+042E (decimal 1070)
   defining Unicode char U+042F (decimal 1071)
   defining Unicode char U+0430 (decimal 1072)
   defining Unicode char U+0431 (decimal 1073)
   defining Unicode char U+0432 (decimal 1074)
   defining Unicode char U+0433 (decimal 1075)
   defining Unicode char U+0434 (decimal 1076)
   defining Unicode char U+0435 (decimal 1077)
   defining Unicode char U+0436 (decimal 1078)
   defining Unicode char U+0437 (decimal 1079)
   defining Unicode char U+0438 (decimal 1080)
   defining Unicode char U+0439 (decimal 1081)
   defining Unicode char U+043A (decimal 1082)
   defining Unicode char U+043B (decimal 1083)
   defining Unicode char U+043C (decimal 1084)
   defining Unicode char U+043D (decimal 1085)
   defining Unicode char U+043E (decimal 1086)
   defining Unicode char U+043F (decimal 1087)
   defining Unicode char U+0440 (decimal 1088)
   defining Unicode char U+0441 (decimal 1089)
   defining Unicode char U+0442 (decimal 1090)
   defining Unicode char U+0443 (decimal 1091)
   defining Unicode char U+0444 (decimal 1092)
   defining Unicode char U+0445 (decimal 1093)
   defining Unicode char U+0446 (decimal 1094)
   defining Unicode char U+0447 (decimal 1095)
   defining Unicode char U+0448 (decimal 1096)
   defining Unicode char U+0449 (decimal 1097)
   defining Unicode char U+044A (decimal 1098)
   defining Unicode char U+044B (decimal 1099)
   defining Unicode char U+044C (decimal 1100)
   defining Unicode char U+044D (decimal 1101)
   defining Unicode char U+044E (decimal 1102)
   defining Unicode char U+044F (decimal 1103)
   defining Unicode char U+0450 (decimal 1104)
   defining Unicode char U+0451 (decimal 1105)
   defining Unicode char U+0452 (decimal 1106)
   defining Unicode char U+0453 (decimal 1107)
   defining Unicode char U+0454 (decimal 1108)
   defining Unicode char U+0455 (decimal 1109)
   defining Unicode char U+0456 (decimal 1110)
   defining Unicode char U+0457 (decimal 1111)
   defining Unicode char U+0458 (decimal 1112)
   defining Unicode char U+0459 (decimal 1113)
   defining Unicode char U+045A (decimal 1114)
   defining Unicode char U+045B (decimal 1115)
   defining Unicode char U+045C (decimal 1116)
   defining Unicode char U+045D (decimal 1117)
   defining Unicode char U+045E (decimal 1118)
   defining Unicode char U+045F (decimal 1119)
   defining Unicode char U+0490 (decimal 1168)
   defining Unicode char U+0491 (decimal 1169)
   defining Unicode char U+0492 (decimal 1170)
   defining Unicode char U+0493 (decimal 1171)
   defining Unicode char U+0496 (decimal 1174)
   defining Unicode char U+0497 (decimal 1175)
   defining Unicode char U+0498 (decimal 1176)
   defining Unicode char U+0499 (decimal 1177)
   defining Unicode char U+049A (decimal 1178)
   defining Unicode char U+049B (decimal 1179)
   defining Unicode char U+049C (decimal 1180)
   defining Unicode char U+049D (decimal 1181)
   defining Unicode char U+04A0 (decimal 1184)
   defining Unicode char U+04A1 (decimal 1185)
   defining Unicode char U+04A2 (decimal 1186)
   defining Unicode char U+04A3 (decimal 1187)
   defining Unicode char U+04A4 (decimal 1188)
   defining Unicode char U+04A5 (decimal 1189)
   defining Unicode char U+04AA (decimal 1194)
   defining Unicode char U+04AB (decimal 1195)
   defining Unicode char U+04AE (decimal 1198)
   defining Unicode char U+04AF (decimal 1199)
   defining Unicode char U+04B0 (decimal 1200)
   defining Unicode char U+04B1 (decimal 1201)
   defining Unicode char U+04B2 (decimal 1202)
   defining Unicode char U+04B3 (decimal 1203)
   defining Unicode char U+04B6 (decimal 1206)
   defining Unicode char U+04B7 (decimal 1207)
   defining Unicode char U+04B8 (decimal 1208)
   defining Unicode char U+04B9 (decimal 1209)
   defining Unicode char U+04BA (decimal 1210)
   defining Unicode char U+04BB (decimal 1211)
   defining Unicode char U+04C0 (decimal 1216)
   defining Unicode char U+04C1 (decimal 1217)
   defining Unicode char U+04C2 (decimal 1218)
   defining Unicode char U+04D0 (decimal 1232)
   defining Unicode char U+04D1 (decimal 1233)
   defining Unicode char U+04D2 (decimal 1234)
   defining Unicode char U+04D3 (decimal 1235)
   defining Unicode char U+04D4 (decimal 1236)
   defining Unicode char U+04D5 (decimal 1237)
   defining Unicode char U+04D6 (decimal 1238)
   defining Unicode char U+04D7 (decimal 1239)
   defining Unicode char U+04D8 (decimal 1240)
   defining Unicode char U+04D9 (decimal 1241)
   defining Unicode char U+04DA (decimal 1242)
   defining Unicode char U+04DB (decimal 1243)
   defining Unicode char U+04DC (decimal 1244)
   defining Unicode char U+04DD (decimal 1245)
   defining Unicode char U+04DE (decimal 1246)
   defining Unicode char U+04DF (decimal 1247)
   defining Unicode char U+04E2 (decimal 1250)
   defining Unicode char U+04E3 (decimal 1251)
   defining Unicode char U+04E4 (decimal 1252)
   defining Unicode char U+04E5 (decimal 1253)
   defining Unicode char U+04E6 (decimal 1254)
   defining Unicode char U+04E7 (decimal 1255)
   defining Unicode char U+04E8 (decimal 1256)
   defining Unicode char U+04E9 (decimal 1257)
   defining Unicode char U+04EC (decimal 1260)
   defining Unicode char U+04ED (decimal 1261)
   defining Unicode char U+04EE (decimal 1262)
   defining Unicode char U+04EF (decimal 1263)
   defining Unicode char U+04F0 (decimal 1264)
   defining Unicode char U+04F1 (decimal 1265)
   defining Unicode char U+04F2 (decimal 1266)
   defining Unicode char U+04F3 (decimal 1267)
   defining Unicode char U+04F4 (decimal 1268)
   defining Unicode char U+04F5 (decimal 1269)
   defining Unicode char U+04F8 (decimal 1272)
   defining Unicode char U+04F9 (decimal 1273)
   defining Unicode char U+200C (decimal 8204)
   defining Unicode char U+2013 (decimal 8211)
   defining Unicode char U+2014 (decimal 8212)
   defining Unicode char U+2018 (decimal 8216)
   defining Unicode char U+2019 (decimal 8217)
   defining Unicode char U+201C (decimal 8220)
   defining Unicode char U+201D (decimal 8221)
   defining Unicode char U+201E (decimal 8222)
   defining Unicode char U+2030 (decimal 8240)
   defining Unicode char U+2031 (decimal 8241)
   defining Unicode char U+2116 (decimal 8470)
   defining Unicode char U+2329 (decimal 9001)
   defining Unicode char U+232A (decimal 9002)
   defining Unicode char U+2423 (decimal 9251)
   defining Unicode char U+27E8 (decimal 10216)
   defining Unicode char U+27E9 (decimal 10217)
   defining Unicode char U+FB00 (decimal 64256)
   defining Unicode char U+FB01 (decimal 64257)
   defining Unicode char U+FB02 (decimal 64258)
   defining Unicode char U+FB03 (decimal 64259)
   defining Unicode char U+FB04 (decimal 64260)
   defining Unicode char U+FB05 (decimal 64261)
   defining Unicode char U+FB06 (decimal 64262)
))
Package babel Info: Making " an active character on input line 124.
Package babel Info: Default for \cyrdash is provided on input line 163.
)) (D:\latex\tex/latex/cite\cite.sty
LaTeX Info: Redefining \cite on input line 302.
LaTeX Info: Redefining \nocite on input line 332.
Package: cite 2015/02/27  v 5.5
) (D:\latex\tex/latex/base\fixltx2e.sty
Package: fixltx2e 2016/12/29 v2.1a fixes to LaTeX (obsolete)
Applying: [2015/01/01] Old fixltx2e package on input line 46.


Package fixltx2e Warning: fixltx2e is not required with releases after 2015
(fixltx2e)                All fixes are now in the LaTeX kernel.
(fixltx2e)                See the latexrelease package for details.

Already applied: [0000/00/00] Old fixltx2e package on input line 53.
) (D:\latex\tex/latex/multirow\multirow.sty
Package: multirow 2021/03/15 v2.8 Span multiple rows of a table
\multirow@colwidth=\skip49
\multirow@cntb=\count193
\multirow@dima=\skip50
\bigstrutjot=\dimen140
)
(D:\latex\tex/latex/graphics\graphicx.sty
Package: graphicx 2021/09/16 v1.2d Enhanced LaTeX Graphics (DPC,SPQR)

(D:\latex\tex/latex/graphics\keyval.sty
Package: keyval 2014/10/28 v1.15 key=value parser (DPC)
\KV@toks@=\toks18
)
(D:\latex\tex/latex/graphics\graphics.sty
Package: graphics 2021/03/04 v1.4d Standard LaTeX Graphics (DPC,SPQR)
 (D:\latex\tex/latex/graphics\trig.sty
Package: trig 2021/08/11 v1.11 sin cos tan (DPC)
) (D:\latex\tex/latex/graphics-cfg\graphics.cfg
File: graphics.cfg 2016/06/04 v1.11 sample graphics configuration
)
Package graphics Info: Driver file: pdftex.def on input line 107.

(D:\latex\tex/latex/graphics-def\pdftex.def
File: pdftex.def 2020/10/05 v1.2a Graphics/color driver for pdftex
))
\Gin@req@height=\dimen141
\Gin@req@width=\dimen142
)
(D:\latex\tex/latex/hyperref\hyperref.sty
Package: hyperref 2021-06-07 v7.00m Hypertext links for LaTeX

(D:\latex\tex/generic/ltxcmds\ltxcmds.sty
Package: ltxcmds 2020-05-10 v1.25 LaTeX kernel commands for general use (HO)
)
(D:\latex\tex/generic/iftex\iftex.sty
Package: iftex 2020/03/06 v1.0d TeX engine tests
)
(D:\latex\tex/generic/pdftexcmds\pdftexcmds.sty
Package: pdftexcmds 2020-06-27 v0.33 Utility functions of pdfTeX for LuaTeX (HO
)

(D:\latex\tex/generic/infwarerr\infwarerr.sty
Package: infwarerr 2019/12/03 v1.5 Providing info/warning/error messages (HO)
)
Package pdftexcmds Info: \pdf@primitive is available.
Package pdftexcmds Info: \pdf@ifprimitive is available.
Package pdftexcmds Info: \pdfdraftmode found.
)
(D:\latex\tex/generic/kvsetkeys\kvsetkeys.sty
Package: kvsetkeys 2019/12/15 v1.18 Key value parser (HO)
)
(D:\latex\tex/generic/kvdefinekeys\kvdefinekeys.sty
Package: kvdefinekeys 2019-12-19 v1.6 Define keys (HO)
)
(D:\latex\tex/generic/pdfescape\pdfescape.sty
Package: pdfescape 2019/12/09 v1.15 Implements pdfTeX's escape features (HO)
)
(D:\latex\tex/latex/hycolor\hycolor.sty
Package: hycolor 2020-01-27 v1.10 Color options for hyperref/bookmark (HO)
)
(D:\latex\tex/latex/letltxmacro\letltxmacro.sty
Package: letltxmacro 2019/12/03 v1.6 Let assignment for LaTeX macros (HO)
)
(D:\latex\tex/latex/auxhook\auxhook.sty
Package: auxhook 2019-12-17 v1.6 Hooks for auxiliary files (HO)
)
(D:\latex\tex/latex/kvoptions\kvoptions.sty
Package: kvoptions 2020-10-07 v3.14 Key value format for package options (HO)
)
\@linkdim=\dimen143
\Hy@linkcounter=\count194
\Hy@pagecounter=\count195

(D:\latex\tex/latex/hyperref\pd1enc.def
File: pd1enc.def 2021-06-07 v7.00m Hyperref: PDFDocEncoding definition (HO)
Now handling font encoding PD1 ...
... no UTF-8 mapping file for font encoding PD1
)
(D:\latex\tex/latex/hyperref\hyperref-langpatches.def
File: hyperref-langpatches.def 2021-06-07 v7.00m Hyperref: patches for babel la
nguages
)
(D:\latex\tex/generic/intcalc\intcalc.sty
Package: intcalc 2019/12/15 v1.3 Expandable calculations with integers (HO)
)
(D:\latex\tex/generic/etexcmds\etexcmds.sty
Package: etexcmds 2019/12/15 v1.7 Avoid name clashes with e-TeX commands (HO)
)
\Hy@SavedSpaceFactor=\count196

(D:\latex\tex/latex/hyperref\puenc.def
File: puenc.def 2021-06-07 v7.00m Hyperref: PDF Unicode definition (HO)
Now handling font encoding PU ...
... no UTF-8 mapping file for font encoding PU
)
Package hyperref Info: Option `unicode' set `true' on input line 3167.
Package hyperref Info: Option `unicode' set `true' on input line 4073.
Package hyperref Info: Option `bookmarks' set `true' on input line 4073.
Package hyperref Info: Hyper figures OFF on input line 4192.
Package hyperref Info: Link nesting OFF on input line 4197.
Package hyperref Info: Hyper index ON on input line 4200.
Package hyperref Info: Plain pages OFF on input line 4207.
Package hyperref Info: Backreferencing ON on input line 4210.
Package hyperref Info: Implicit mode ON; LaTeX internals redefined.
Package hyperref Info: Bookmarks ON on input line 4445.

(D:\latex\tex/latex/hyperref\backref.sty
Package: backref 2021/02/04 v1.41 Bibliographical back referencing

(D:\latex\tex/latex/rerunfilecheck\rerunfilecheck.sty
Package: rerunfilecheck 2019/12/05 v1.9 Rerun checks for auxiliary files (HO)

(D:\latex\tex/latex/base\atveryend-ltx.sty
Package: atveryend-ltx 2020/08/19 v1.0a Emulation of the original atveryend pac
kage
with kernel methods
)
(D:\latex\tex/generic/uniquecounter\uniquecounter.sty
Package: uniquecounter 2019/12/15 v1.4 Provide unlimited unique counter (HO)

(D:\latex\tex/generic/bigintcalc\bigintcalc.sty
Package: bigintcalc 2019/12/15 v1.5 Expandable calculations on big integers (HO
)
))
Package uniquecounter Info: New unique counter `rerunfilecheck' on input line 2
86.
))
\c@Hy@tempcnt=\count197

(D:\latex\tex/latex/url\url.sty
\Urlmuskip=\muskip16
Package: url 2013/09/16  ver 3.4  Verb mode for urls, etc.
)
LaTeX Info: Redefining \url on input line 4804.
\XeTeXLinkMargin=\dimen144
 (D:\latex\tex/generic/bitset\bitset.sty
Package: bitset 2019/12/09 v1.3 Handle bit-vector datatype (HO)
)
\Fld@menulength=\count198
\Field@Width=\dimen145
\Fld@charsize=\dimen146
Package hyperref Info: Hyper figures OFF on input line 6076.
Package hyperref Info: Link nesting OFF on input line 6081.
Package hyperref Info: Hyper index ON on input line 6084.
Package hyperref Info: backreferencing ON on input line 6089.
Package hyperref Info: Link coloring OFF on input line 6096.
Package hyperref Info: Link coloring with OCG OFF on input line 6101.
Package hyperref Info: PDF/A mode OFF on input line 6106.
LaTeX Info: Redefining \ref on input line 6146.
LaTeX Info: Redefining \pageref on input line 6150.

(D:\latex\tex/latex/base\atbegshi-ltx.sty
Package: atbegshi-ltx 2021/01/10 v1.0c Emulation of the original atbegshi
package with kernel methods
)
\Hy@abspage=\count199
\c@Item=\count266
\c@Hfootnote=\count267
)
Package hyperref Info: Driver: hpdftex.

(D:\latex\tex/latex/hyperref\hpdftex.def
File: hpdftex.def 2021-06-07 v7.00m Hyperref driver for pdfTeX
\Fld@listcount=\count268
\c@bookmark@seq@number=\count269
\Hy@SectionHShift=\skip51
)
(D:\latex\tex/latex/l3backend\l3backend-pdftex.def
File: l3backend-pdftex.def 2021-10-18 L3 backend support: PDF output (pdfTeX)
\l__color_backend_stack_int=\count270
\l__pdf_internal_box=\box50
) (lab-6.aux
LaTeX Font Info:    Trying to load font information for T2A+cmr on input line 2
2.

(D:\latex\tex/latex/cyrillic\t2acmr.fd
File: t2acmr.fd 2001/08/11 v1.0a Computer Modern Cyrillic font definitions
))
\openout1 = `lab-6.aux'.

LaTeX Font Info:    Checking defaults for OML/cmm/m/it on input line 21.
LaTeX Font Info:    ... okay on input line 21.
LaTeX Font Info:    Checking defaults for OMS/cmsy/m/n on input line 21.
LaTeX Font Info:    ... okay on input line 21.
LaTeX Font Info:    Checking defaults for OT1/cmr/m/n on input line 21.
LaTeX Font Info:    ... okay on input line 21.
LaTeX Font Info:    Checking defaults for T1/cmr/m/n on input line 21.
LaTeX Font Info:    ... okay on input line 21.
LaTeX Font Info:    Checking defaults for TS1/cmr/m/n on input line 21.
LaTeX Font Info:    ... okay on input line 21.
LaTeX Font Info:    Checking defaults for OMX/cmex/m/n on input line 21.
LaTeX Font Info:    ... okay on input line 21.
LaTeX Font Info:    Checking defaults for U/cmr/m/n on input line 21.
LaTeX Font Info:    ... okay on input line 21.
LaTeX Font Info:    Checking defaults for T2A/cmr/m/n on input line 21.
LaTeX Font Info:    ... okay on input line 21.
LaTeX Font Info:    Checking defaults for PD1/pdf/m/n on input line 21.
LaTeX Font Info:    ... okay on input line 21.
LaTeX Font Info:    Checking defaults for PU/pdf/m/n on input line 21.
LaTeX Font Info:    ... okay on input line 21.
LaTeX Info: Redefining \th on input line 21.

(D:\latex\tex/context/base/mkii\supp-pdf.mkii
[Loading MPS to PDF converter (version 2006.09.02).]
\scratchcounter=\count271
\scratchdimen=\dimen147
\scratchbox=\box51
\nofMPsegments=\count272
\nofMParguments=\count273
\everyMPshowfont=\toks19
\MPscratchCnt=\count274
\MPscratchDim=\dimen148
\MPnumerator=\count275
\makeMPintoPDFobject=\count276
\everyMPtoPDFconversion=\toks20
) (D:\latex\tex/latex/epstopdf-pkg\epstopdf-base.sty
Package: epstopdf-base 2020-01-24 v2.11 Base part for package epstopdf
Package epstopdf-base Info: Redefining graphics rule for `.eps' on input line 4
85.

(D:\latex\tex/latex/00miktex\epstopdf-sys.cfg
File: epstopdf-sys.cfg 2021/03/18 v2.0 Configuration of epstopdf for MiKTeX
))
Package hyperref Info: Link coloring OFF on input line 21.

(D:\latex\tex/latex/hyperref\nameref.sty
Package: nameref 2021-04-02 v2.47 Cross-referencing by name of section

(D:\latex\tex/latex/refcount\refcount.sty
Package: refcount 2019/12/15 v3.6 Data extraction from label references (HO)
)
(D:\latex\tex/generic/gettitlestring\gettitlestring.sty
Package: gettitlestring 2019/12/15 v1.6 Cleanup title references (HO)
)
\c@section@level=\count277
)
LaTeX Info: Redefining \ref on input line 21.
LaTeX Info: Redefining \pageref on input line 21.
LaTeX Info: Redefining \nameref on input line 21.
 (lab-6.out)
(lab-6.out)
\@outlinefile=\write3
\openout3 = `lab-6.out'.

LaTeX Font Info:    External font `cmex10' loaded for size
(Font)              <12> on input line 28.
LaTeX Font Info:    External font `cmex10' loaded for size
(Font)              <8> on input line 28.
LaTeX Font Info:    External font `cmex10' loaded for size
(Font)              <6> on input line 28.
 [1

{C:/Users/Andrey/AppData/Local/MiKTeX/fonts/map/pdftex/pdftex.map}]

Package hyperref Warning: Suppressing empty link on input line 41.


Overfull \hbox (0.56537pt too wide) in paragraph at lines 41--42
[]\T2A/cmr/m/n/10.95 Параллельным си-сте-мам управ-ле-ния ба-за-ми дан-ных по-с
вя-ще-но боль-
 []

LaTeX Font Info:    External font `cmex10' loaded for size
(Font)              <10.95> on input line 44.

Overfull \hbox (14.02495pt too wide) in paragraph at lines 44--66
[][]
 []

LaTeX Font Info:    Trying to load font information for T2A+cmtt on input line 
72.
(D:\latex\tex/latex/cyrillic\t2acmtt.fd
File: t2acmtt.fd 2001/08/11 v1.0a Computer Modern Cyrillic font definitions
) [2]
Package epstopdf Info: Source file: <D:/latex-tasks/lab-6/images/qexec.eps>
(epstopdf)                    date: 2022-05-11 22:02:03
(epstopdf)                    size: 32772 bytes
(epstopdf)             Output file: <D:/latex-tasks/lab-6/images/qexec-eps-conv
erted-to.pdf>
(epstopdf)                    date: 2022-05-11 22:02:03
(epstopdf)                    size: 20753 bytes
(epstopdf)             Command: <miktex-epstopdf --outfile=D:/latex-tasks/lab-6
/images/qexec-eps-converted-to.pdf D:/latex-tasks/lab-6/images/qexec.eps>
(epstopdf)             \includegraphics on input line 76.
Package epstopdf Info: Output file is already uptodate.


pdfTeX warning: pdflatex.exe (file D:/latex-tasks/lab-6/images/qexec-eps-conver
ted-to.pdf): PDF inclusion: found PDF version <1.7>, but at most version <1.5> 
allowed
<D:/latex-tasks/lab-6/images/qexec-eps-converted-to.pdf, id=135, 917.4275pt x 5
23.9575pt>
File: D:/latex-tasks/lab-6/images/qexec-eps-converted-to.pdf Graphic file (type
 pdf)
<use D:/latex-tasks/lab-6/images/qexec-eps-converted-to.pdf>
Package pdftex.def Info: D:/latex-tasks/lab-6/images/qexec-eps-converted-to.pdf
  used on input line 76.
(pdftex.def)             Requested size: 251.9989pt x 143.91685pt.
[3 <D:/latex-tasks/lab-6/images/qexec-eps-converted-to.pdf>]
Overfull \hbox (15.2954pt too wide) in paragraph at lines 82--83
[]\T2A/cmr/m/n/10.95 На сле-ду-ю-щем эта-пе па-рал-лель-ные аген-ты пе-ре-сы-ла
-ют-ся c host-машины
 []

[4] [5]
Overfull \hbox (2.37259pt too wide) in paragraph at lines 108--121
[]\T2A/cmr/m/n/10.95 Грамматика язы-ка RQL, опи-сан-ная с по-мо-щью но-та-ции Б
экуса-Наура
 []


Overfull \hbox (13.45248pt too wide) in paragraph at lines 108--121
\T2A/cmtt/m/n/10.95 <Эквисоединение> ::= Q <Номер атрибута> <Номер атрибута> <Т
аблица>
 []


Overfull \hbox (19.11086pt too wide) in paragraph at lines 108--121
\T2A/cmtt/m/n/10.95 <Операция сравнения> ::= > | < | = <Идентификатор хранимой 
таблицы>
 []

[6]
Package epstopdf Info: Source file: <D:/latex-tasks/lab-6/images/sysobjectdiagr
am.eps>
(epstopdf)                    date: 2022-05-11 22:02:03
(epstopdf)                    size: 410368 bytes
(epstopdf)             Output file: <D:/latex-tasks/lab-6/images/sysobjectdiagr
am-eps-converted-to.pdf>
(epstopdf)                    date: 2022-05-11 22:02:03
(epstopdf)                    size: 16292 bytes
(epstopdf)             Command: <miktex-epstopdf --outfile=D:/latex-tasks/lab-6
/images/sysobjectdiagram-eps-converted-to.pdf D:/latex-tasks/lab-6/images/sysob
jectdiagram.eps>
(epstopdf)             \includegraphics on input line 139.
Package epstopdf Info: Output file is already uptodate.


pdfTeX warning: pdflatex.exe (file D:/latex-tasks/lab-6/images/sysobjectdiagram
-eps-converted-to.pdf): PDF inclusion: found PDF version <1.7>, but at most ver
sion <1.5> allowed
<D:/latex-tasks/lab-6/images/sysobjectdiagram-eps-converted-to.pdf, id=176, 750
.805pt x 263.98625pt>
File: D:/latex-tasks/lab-6/images/sysobjectdiagram-eps-converted-to.pdf Graphic
 file (type pdf)
<use D:/latex-tasks/lab-6/images/sysobjectdiagram-eps-converted-to.pdf>
Package pdftex.def Info: D:/latex-tasks/lab-6/images/sysobjectdiagram-eps-conve
rted-to.pdf  used on input line 139.
(pdftex.def)             Requested size: 323.9978pt x 113.9187pt.

LaTeX Warning: `h' float specifier changed to `ht'.

Package epstopdf Info: Source file: <D:/latex-tasks/lab-6/images/sysdeploydiagr
am.eps>
(epstopdf)                    date: 2022-05-11 22:02:03
(epstopdf)                    size: 568768 bytes
(epstopdf)             Output file: <D:/latex-tasks/lab-6/images/sysdeploydiagr
am-eps-converted-to.pdf>
(epstopdf)                    date: 2022-05-11 22:02:03
(epstopdf)                    size: 19854 bytes
(epstopdf)             Command: <miktex-epstopdf --outfile=D:/latex-tasks/lab-6
/images/sysdeploydiagram-eps-converted-to.pdf D:/latex-tasks/lab-6/images/sysde
ploydiagram.eps>
(epstopdf)             \includegraphics on input line 146.
Package epstopdf Info: Output file is already uptodate.


pdfTeX warning: pdflatex.exe (file D:/latex-tasks/lab-6/images/sysdeploydiagram
-eps-converted-to.pdf): PDF inclusion: found PDF version <1.7>, but at most ver
sion <1.5> allowed
<D:/latex-tasks/lab-6/images/sysdeploydiagram-eps-converted-to.pdf, id=177, 791
.95876pt x 348.30125pt>
File: D:/latex-tasks/lab-6/images/sysdeploydiagram-eps-converted-to.pdf Graphic
 file (type pdf)
<use D:/latex-tasks/lab-6/images/sysdeploydiagram-eps-converted-to.pdf>
Package pdftex.def Info: D:/latex-tasks/lab-6/images/sysdeploydiagram-eps-conve
rted-to.pdf  used on input line 146.
(pdftex.def)             Requested size: 323.9978pt x 142.49619pt.

LaTeX Warning: `h' float specifier changed to `ht'.

[7]
Package epstopdf Info: Source file: <D:/latex-tasks/lab-6/images/clientUCDiagra
m.eps>
(epstopdf)                    date: 2022-05-11 22:02:03
(epstopdf)                    size: 597461 bytes
(epstopdf)             Output file: <D:/latex-tasks/lab-6/images/clientUCDiagra
m-eps-converted-to.pdf>
(epstopdf)                    date: 2022-05-11 22:02:03
(epstopdf)                    size: 32921 bytes
(epstopdf)             Command: <miktex-epstopdf --outfile=D:/latex-tasks/lab-6
/images/clientUCDiagram-eps-converted-to.pdf D:/latex-tasks/lab-6/images/client
UCDiagram.eps>
(epstopdf)             \includegraphics on input line 158.
Package epstopdf Info: Output file is already uptodate.


pdfTeX warning: pdflatex.exe (file D:/latex-tasks/lab-6/images/clientUCDiagram-
eps-converted-to.pdf): PDF inclusion: found PDF version <1.7>, but at most vers
ion <1.5> allowed
<D:/latex-tasks/lab-6/images/clientUCDiagram-eps-converted-to.pdf, id=185, 480.
79625pt x 339.2675pt>
File: D:/latex-tasks/lab-6/images/clientUCDiagram-eps-converted-to.pdf Graphic 
file (type pdf)
<use D:/latex-tasks/lab-6/images/clientUCDiagram-eps-converted-to.pdf>
Package pdftex.def Info: D:/latex-tasks/lab-6/images/clientUCDiagram-eps-conver
ted-to.pdf  used on input line 158.
(pdftex.def)             Requested size: 323.9978pt x 228.62811pt.

LaTeX Warning: `h' float specifier changed to `ht'.

[8 <D:/latex-tasks/lab-6/images/sysobjectdiagram-eps-converted-to.pdf> <D:/late
x-tasks/lab-6/images/sysdeploydiagram-eps-converted-to.pdf>]
Overfull \hbox (3.9908pt too wide) in paragraph at lines 168--169
\T2A/cmr/m/n/10.95 ор-ди-на-то-ру. Ва-ри-ант ис-поль-зо-ва-ния на-чи-на-ет-ся, 
ко-гда Поль-зо-ва-тель ука-
 []

[9 <D:/latex-tasks/lab-6/images/clientUCDiagram-eps-converted-to.pdf>] [10]
Overfull \hbox (2.31279pt too wide) in paragraph at lines 187--188
\T2A/cmr/m/n/10.95 Поль-зо-ва-тель вы-зы-ва-ет функ-цию ѕСо-хра-нить ре-зуль-та
тї. При этом Кли-
 []


Overfull \hbox (0.19337pt too wide) in paragraph at lines 192--193
\T2A/cmr/m/n/10.95 Поль-зо-ва-тель вы-зы-ва-ет функ-цию ѕСо-хра-нить лог-файлї.
 При этом Кли-
 []

[11]
Package epstopdf Info: Source file: <D:/latex-tasks/lab-6/images/coordUCDiagram
.eps>
(epstopdf)                    date: 2022-05-11 22:02:03
(epstopdf)                    size: 438120 bytes
(epstopdf)             Output file: <D:/latex-tasks/lab-6/images/coordUCDiagram
-eps-converted-to.pdf>
(epstopdf)                    date: 2022-05-11 22:02:03
(epstopdf)                    size: 19748 bytes
(epstopdf)             Command: <miktex-epstopdf --outfile=D:/latex-tasks/lab-6
/images/coordUCDiagram-eps-converted-to.pdf D:/latex-tasks/lab-6/images/coordUC
Diagram.eps>
(epstopdf)             \includegraphics on input line 202.
Package epstopdf Info: Output file is already uptodate.


pdfTeX warning: pdflatex.exe (file D:/latex-tasks/lab-6/images/coordUCDiagram-e
ps-converted-to.pdf): PDF inclusion: found PDF version <1.7>, but at most versi
on <1.5> allowed
<D:/latex-tasks/lab-6/images/coordUCDiagram-eps-converted-to.pdf, id=213, 515.9
275pt x 410.53375pt>
File: D:/latex-tasks/lab-6/images/coordUCDiagram-eps-converted-to.pdf Graphic f
ile (type pdf)
<use D:/latex-tasks/lab-6/images/coordUCDiagram-eps-converted-to.pdf>
Package pdftex.def Info: D:/latex-tasks/lab-6/images/coordUCDiagram-eps-convert
ed-to.pdf  used on input line 202.
(pdftex.def)             Requested size: 323.9978pt x 257.81702pt.

LaTeX Warning: `h' float specifier changed to `ht'.


Overfull \hbox (5.50174pt too wide) in paragraph at lines 207--209
\T2A/cmr/m/it/10.95 ѕПе-ре-дать ре-зуль-татї\T2A/cmr/m/n/10.95 , \T2A/cmr/m/it/
10.95 ѕСо-об-ще-ниеї\T2A/cmr/m/n/10.95 , \T2A/cmr/m/it/10.95 ѕОста-но-витьї\T2A
/cmr/m/n/10.95 . Ко-ор-ди-на-тор вза-
 []

[12] [13 <D:/latex-tasks/lab-6/images/coordUCDiagram-eps-converted-to.pdf>]
[14]
Overfull \hbox (4.3901pt too wide) in paragraph at lines 237--237
[]\T2A/cmr/bx/n/12 Варианты ис-поль-зо-ва-ния под-си-сте-мы ѕЯд-ро ПСУБДї 
 []

Package epstopdf Info: Source file: <D:/latex-tasks/lab-6/images/kernelUCDiagra
m.eps>
(epstopdf)                    date: 2022-05-11 22:02:03
(epstopdf)                    size: 153967 bytes
(epstopdf)             Output file: <D:/latex-tasks/lab-6/images/kernelUCDiagra
m-eps-converted-to.pdf>
(epstopdf)                    date: 2022-05-11 22:02:03
(epstopdf)                    size: 7996 bytes
(epstopdf)             Command: <miktex-epstopdf --outfile=D:/latex-tasks/lab-6
/images/kernelUCDiagram-eps-converted-to.pdf D:/latex-tasks/lab-6/images/kernel
UCDiagram.eps>
(epstopdf)             \includegraphics on input line 241.
Package epstopdf Info: Output file is already uptodate.


pdfTeX warning: pdflatex.exe (file D:/latex-tasks/lab-6/images/kernelUCDiagram-
eps-converted-to.pdf): PDF inclusion: found PDF version <1.7>, but at most vers
ion <1.5> allowed
<D:/latex-tasks/lab-6/images/kernelUCDiagram-eps-converted-to.pdf, id=232, 374.
39874pt x 193.72375pt>
File: D:/latex-tasks/lab-6/images/kernelUCDiagram-eps-converted-to.pdf Graphic 
file (type pdf)
<use D:/latex-tasks/lab-6/images/kernelUCDiagram-eps-converted-to.pdf>
Package pdftex.def Info: D:/latex-tasks/lab-6/images/kernelUCDiagram-eps-conver
ted-to.pdf  used on input line 241.
(pdftex.def)             Requested size: 251.9989pt x 130.39134pt.

LaTeX Warning: `h' float specifier changed to `ht'.

[15] [16 <D:/latex-tasks/lab-6/images/kernelUCDiagram-eps-converted-to.pdf>]
(lab-6.brf)
\tf@brf=\write4
\openout4 = `lab-6.brf'.


Overfull \hbox (5.69695pt too wide) in paragraph at lines 258--260
[]\T2A/cmr/m/it/10.95 Работа вы-пол-не-на при фи-нан-со-вой под-держ-ке Рос-сий
-ско-го фон-да фун-
 []

LaTeX Font Info:    Trying to load font information for T2A+cmss on input line 
262.
(D:\latex\tex/latex/cyrillic\t2acmss.fd
File: t2acmss.fd 2001/08/11 v1.0a Computer Modern Cyrillic font definitions
)
Underfull \hbox (badness 1577) in paragraph at lines 268--268
\T2A/cmss/m/n/10.95 про-цес-сор-ных вы-чис-ли-тель-ных си-стем с кла-стер-ной а
р-хи-тек-ту-рой
 []

[17] [18] [19] (lab-6.aux)
Package rerunfilecheck Info: File `lab-6.out' has not changed.
(rerunfilecheck)             Checksum: A86829B3D0C050EAC7488D81C5371C1D;8018.
Package rerunfilecheck Info: File `lab-6.brf' has not changed.
(rerunfilecheck)             Checksum: 425EAC3AEBA97F915B522033B5D96DFE;398.
 ) 
Here is how much of TeX's memory you used:
 10869 strings out of 478659
 169149 string characters out of 2862873
 483721 words of memory out of 3000000
 28751 multiletter control sequences out of 15000+600000
 417286 words of font info for 52 fonts, out of 8000000 for 9000
 1141 hyphenation exceptions out of 8191
 87i,11n,91p,2019b,453s stack positions out of 5000i,500n,10000p,200000b,80000s
 <C:\Users\Andrey\AppData\Local\MiKTeX\fonts/pk/ljfour/lh/lh-t2a/dpi600\lass1
095.pk> <C:\Users\Andrey\AppData\Local\MiKTeX\fonts/pk/ljfour/lh/lh-t2a/dpi600\
labx1200.pk> <C:\Users\Andrey\AppData\Local\MiKTeX\fonts/pk/ljfour/lh/lh-t2a/dp
i600\latt1095.pk> <C:\Users\Andrey\AppData\Local\MiKTeX\fonts/pk/ljfour/lh/lh-t
2a/dpi600\lati1095.pk> <C:\Users\Andrey\AppData\Local\MiKTeX\fonts/pk/ljfour/lh
/lh-t2a/dpi600\labx1095.pk> <C:\Users\Andrey\AppData\Local\MiKTeX\fonts/pk/ljfo
ur/lh/lh-t2a/dpi600\labi1095.pk> <C:\Users\Andrey\AppData\Local\MiKTeX\fonts/pk
/ljfour/lh/lh-t2a/dpi600\larm1095.pk> <C:\Users\Andrey\AppData\Local\MiKTeX\fon
ts/pk/ljfour/lh/lh-t2a/dpi600\labx1440.pk> <C:\Users\Andrey\AppData\Local\MiKTe
X\fonts/pk/ljfour/lh/lh-t2a/dpi600\larm1000.pk> <C:\Users\Andrey\AppData\Local\
MiKTeX\fonts/pk/ljfour/lh/lh-t2a/dpi600\labx1000.pk> <C:\Users\Andrey\AppData\L
ocal\MiKTeX\fonts/pk/ljfour/lh/lh-t2a/dpi600\larm1200.pk> <C:\Users\Andrey\AppD
ata\Local\MiKTeX\fonts/pk/ljfour/lh/lh-t2a/dpi600\larm1728.pk><D:/latex/fonts/t
ype1/public/amsfonts/cm/cmmi10.pfb><D:/latex/fonts/type1/public/amsfonts/cm/cmm
i8.pfb><D:/latex/fonts/type1/public/amsfonts/cm/cmr10.pfb><D:/latex/fonts/type1
/public/amsfonts/cm/cmr8.pfb>
Output written on lab-6.pdf (19 pages, 411505 bytes).
PDF statistics:
 911 PDF objects out of 1000 (max. 8388607)
 62 named destinations out of 1000 (max. 500000)
 231 words of extra memory for PDF output out of 10000 (max. 10000000)

